Mon Nov 25 20:34:10 2019       
+-----------------------------------------------------------------------------+
| NVIDIA-SMI 440.33.01    Driver Version: 440.33.01    CUDA Version: 10.2     |
|-------------------------------+----------------------+----------------------+
| GPU  Name        Persistence-M| Bus-Id        Disp.A | Volatile Uncorr. ECC |
| Fan  Temp  Perf  Pwr:Usage/Cap|         Memory-Usage | GPU-Util  Compute M. |
|===============================+======================+======================|
|   0  Tesla V100-PCIE...  On   | 00000000:37:00.0 Off |                    0 |
| N/A   55C    P0    31W / 250W |      0MiB / 16160MiB |      0%   E. Process |
+-------------------------------+----------------------+----------------------+
                                                                               
+-----------------------------------------------------------------------------+
| Processes:                                                       GPU Memory |
|  GPU       PID   Type   Process name                             Usage      |
|=============================================================================|
|  No running processes found                                                 |
+-----------------------------------------------------------------------------+
Loading FCN
Please choose submodel
1. FCN8s
2. FCN16s
3. FCN32s
4. FCNs
Configs: FCNs-BCEWithLogits_batch5_epoch500_RMSprop_scheduler-step4-gamma0.9_lr0.01_momentum0_w_decay1e-05
Using CamVid dataset
Running DataLoader from  CamVid/train.csv
loading validation file from CamVid/val.csv
Loading VGG
VGG frozen on purpose
Use GPU : True
Using GPU, loading cuda shiat
Loading vgg on cuda
Loading FC on cuda
Number of GPUs [0]
Finish cuda loading, time elapsed 7.52309775352478
Validating without train
