Wed Nov 27 19:14:38 2019       
+-----------------------------------------------------------------------------+
| NVIDIA-SMI 440.33.01    Driver Version: 440.33.01    CUDA Version: 10.2     |
|-------------------------------+----------------------+----------------------+
| GPU  Name        Persistence-M| Bus-Id        Disp.A | Volatile Uncorr. ECC |
| Fan  Temp  Perf  Pwr:Usage/Cap|         Memory-Usage | GPU-Util  Compute M. |
|===============================+======================+======================|
|   0  Tesla V100-PCIE...  On   | 00000000:37:00.0 Off |                    0 |
| N/A   38C    P0    27W / 250W |      0MiB / 16160MiB |      0%   E. Process |
+-------------------------------+----------------------+----------------------+
                                                                               
+-----------------------------------------------------------------------------+
| Processes:                                                       GPU Memory |
|  GPU       PID   Type   Process name                             Usage      |
|=============================================================================|
|  No running processes found                                                 |
+-----------------------------------------------------------------------------+
Loading FCN
Please choose submodel
1. FCN8s
2. FCN16s
3. FCN32s
4. FCNs
Configs: FCNs-BCEWithLogits_batch5_epoch500_RMSprop_scheduler-step4-gamma0.9_lr0.01_momentum0_w_decay1e-05Vgg_trainTrue
Using CamVid dataset
Running DataLoader from  CamVid/train.csv
loading validation file from CamVid/val.csv
Loading VGG
Training VGG backend as well
Use GPU : True
Using GPU, loading cuda shiat
Loading vgg on cuda
Loading FC on cuda
Number of GPUs [0]
Finish cuda loading, time elapsed 7.413318872451782
Validating without train
epoch0, pix_acc: 0.016014157572751327, meanIoU: 0.0034952865791056126, IoUs: [1.24216375e-05 0.00000000e+00 2.32881786e-03 5.84592734e-05
 7.43067426e-04 1.56670772e-02 0.00000000e+00 1.36849305e-04
 5.70920388e-03 3.74339524e-05 1.56314374e-02 1.74655906e-04
 3.39448077e-04 0.00000000e+00 4.75836915e-03 3.03519820e-04
 0.00000000e+00 1.69841953e-07 2.31581087e-04 1.27154047e-02
 1.84617002e-03 2.25209959e-02 4.15578048e-04 1.90050477e-06
 1.04417437e-03 0.00000000e+00 1.92653530e-02 1.49576847e-03
 0.00000000e+00 2.32247037e-06 6.40899123e-03 0.00000000e+00]
Starting train loop
RMSprop (
Parameter Group 0
    alpha: 0.99
    centered: False
    eps: 1e-08
    initial_lr: 0.01
    lr: 0.01
    momentum: 0
    weight_decay: 1e-05
)
