Wed Nov 27 16:58:06 2019       
+-----------------------------------------------------------------------------+
| NVIDIA-SMI 440.33.01    Driver Version: 440.33.01    CUDA Version: 10.2     |
|-------------------------------+----------------------+----------------------+
| GPU  Name        Persistence-M| Bus-Id        Disp.A | Volatile Uncorr. ECC |
| Fan  Temp  Perf  Pwr:Usage/Cap|         Memory-Usage | GPU-Util  Compute M. |
|===============================+======================+======================|
|   0  Tesla V100-PCIE...  On   | 00000000:AF:00.0 Off |                    0 |
| N/A   60C    P0    34W / 250W |      0MiB / 16160MiB |      0%   E. Process |
+-------------------------------+----------------------+----------------------+
                                                                               
+-----------------------------------------------------------------------------+
| Processes:                                                       GPU Memory |
|  GPU       PID   Type   Process name                             Usage      |
|=============================================================================|
|  No running processes found                                                 |
+-----------------------------------------------------------------------------+
Loading FCN
Please choose submodel
1. FCN8s
2. FCN16s
3. FCN32s
4. FCNs
Configs: FCN8s-BCEWithLogits_batch5_epoch500_RMSprop_scheduler-step4-gamma0.9_lr0.0001_momentum0_w_decay1e-05Vgg_trainTrue
Using CamVid dataset
Running DataLoader from  CamVid/train.csv
loading validation file from CamVid/val.csv
Loading VGG
Training VGG backend as well
Use GPU : True
Using GPU, loading cuda shiat
Loading vgg on cuda
Loading FC on cuda
Number of GPUs [0]
Finish cuda loading, time elapsed 7.278356552124023
Validating without train
epoch0, pix_acc: 0.003635354662698412, meanIoU: 0.0007286350745224233, IoUs: [0.00000000e+00 0.00000000e+00 0.00000000e+00 0.00000000e+00
 9.30831132e-04 0.00000000e+00 0.00000000e+00 2.56280398e-04
 1.61990641e-05 0.00000000e+00 0.00000000e+00 1.39634216e-04
 0.00000000e+00            nan 0.00000000e+00 0.00000000e+00
 0.00000000e+00 0.00000000e+00 2.42138360e-03 1.80525535e-02
 2.42585065e-04 4.86611735e-04 0.00000000e+00 0.00000000e+00
 0.00000000e+00 0.00000000e+00 4.16085555e-05 0.00000000e+00
 0.00000000e+00 0.00000000e+00 0.00000000e+00 0.00000000e+00]
Starting train loop
RMSprop (
Parameter Group 0
    alpha: 0.99
    centered: False
    eps: 1e-08
    initial_lr: 0.0001
    lr: 0.0001
    momentum: 0
    weight_decay: 1e-05
)
epoch0, iter0, loss: 0.7140692472457886
epoch0, iter10, loss: 0.6719779372215271
epoch0, iter20, loss: 0.6663531064987183
epoch0, iter30, loss: 0.6609629988670349
epoch0, iter40, loss: 0.6621178984642029
epoch0, iter50, loss: 0.6534296274185181
epoch0, iter60, loss: 0.6508985161781311
epoch0, iter70, loss: 0.6472378969192505
epoch0, iter80, loss: 0.6452628374099731
epoch0, iter90, loss: 0.6411335468292236
epoch0, iter100, loss: 0.6385669708251953
epoch0, iter110, loss: 0.6421788930892944
epoch0, iter120, loss: 0.6325583457946777
Finish epoch 0, time elapsed 85.70577645301819
epoch0, pix_acc: 0.5281529637896827, meanIoU: 0.051727807587016505, IoUs: [0.00000000e+00 0.00000000e+00 6.68829424e-03 0.00000000e+00
 1.55988281e-01 2.00905198e-07 1.56511407e-04 2.44945802e-04
 2.99446315e-04 0.00000000e+00 3.58052093e-06 0.00000000e+00
 0.00000000e+00 0.00000000e+00 2.44355581e-04 0.00000000e+00
 0.00000000e+00 6.60307460e-01 5.70885958e-04 3.85651393e-02
 1.29960326e-03 4.97117452e-01 0.00000000e+00 0.00000000e+00
 3.72169188e-06 0.00000000e+00 2.93688903e-01 1.10475400e-05
 0.00000000e+00 0.00000000e+00 2.25278415e-05 7.74865002e-05]
RMSprop (
Parameter Group 0
    alpha: 0.99
    centered: False
    eps: 1e-08
    initial_lr: 0.0001
    lr: 0.0001
    momentum: 0
    weight_decay: 1e-05
)
epoch1, iter0, loss: 0.6394647359848022
epoch1, iter10, loss: 0.3399658203125
epoch1, iter20, loss: 0.21794642508029938
epoch1, iter30, loss: 0.16515874862670898
epoch1, iter40, loss: 0.18683695793151855
epoch1, iter50, loss: 0.15171729028224945
epoch1, iter60, loss: 0.12308140844106674
epoch1, iter70, loss: 0.14109577238559723
epoch1, iter80, loss: 0.10460559278726578
epoch1, iter90, loss: 0.10413309931755066
epoch1, iter100, loss: 0.08594764024019241
epoch1, iter110, loss: 0.10633531212806702
epoch1, iter120, loss: 0.09534592926502228
Finish epoch 1, time elapsed 86.77639055252075
epoch1, pix_acc: 0.33660257523148157, meanIoU: 0.028612490052655603, IoUs: [0.00000000e+00 0.00000000e+00 0.00000000e+00 0.00000000e+00
 3.29504662e-02 0.00000000e+00 0.00000000e+00 0.00000000e+00
 0.00000000e+00 0.00000000e+00 0.00000000e+00 0.00000000e+00
 0.00000000e+00            nan 0.00000000e+00 1.67476135e-06
 0.00000000e+00 4.20641417e-01 0.00000000e+00 4.99193131e-07
 0.00000000e+00 2.65069892e-01 0.00000000e+00 0.00000000e+00
 0.00000000e+00            nan 1.10968549e-01 0.00000000e+00
            nan 0.00000000e+00 1.29712646e-04 0.00000000e+00]
RMSprop (
Parameter Group 0
    alpha: 0.99
    centered: False
    eps: 1e-08
    initial_lr: 0.0001
    lr: 0.0001
    momentum: 0
    weight_decay: 1e-05
)
epoch2, iter0, loss: 0.12318701297044754
epoch2, iter10, loss: 0.06900324672460556
epoch2, iter20, loss: 0.09605546295642853
epoch2, iter30, loss: 0.07501766085624695
epoch2, iter40, loss: 0.07982629537582397
epoch2, iter50, loss: 0.07462787628173828
epoch2, iter60, loss: 0.06881752610206604
epoch2, iter70, loss: 0.07947328686714172
epoch2, iter80, loss: 0.06621495634317398
epoch2, iter90, loss: 0.06616022437810898
epoch2, iter100, loss: 0.05189745873212814
epoch2, iter110, loss: 0.0681205540895462
epoch2, iter120, loss: 0.06121997535228729
Finish epoch 2, time elapsed 87.64352250099182
epoch2, pix_acc: 0.5493118386243386, meanIoU: 0.05572445925305786, IoUs: [0.00000000e+00 0.00000000e+00 0.00000000e+00 0.00000000e+00
 4.02546011e-01 1.73397254e-07 0.00000000e+00 0.00000000e+00
 0.00000000e+00 5.84795403e-06 8.16369715e-05 0.00000000e+00
 0.00000000e+00            nan 0.00000000e+00 0.00000000e+00
 0.00000000e+00 6.73365144e-01 0.00000000e+00 3.18413666e-02
 0.00000000e+00 3.55709852e-01 0.00000000e+00 0.00000000e+00
 0.00000000e+00            nan 1.51908820e-01 0.00000000e+00
            nan 0.00000000e+00 5.50467618e-04 0.00000000e+00]
RMSprop (
Parameter Group 0
    alpha: 0.99
    centered: False
    eps: 1e-08
    initial_lr: 0.0001
    lr: 0.0001
    momentum: 0
    weight_decay: 1e-05
)
epoch3, iter0, loss: 0.06925670057535172
epoch3, iter10, loss: 0.05883386731147766
epoch3, iter20, loss: 0.08310159295797348
epoch3, iter30, loss: 0.05739203840494156
epoch3, iter40, loss: 0.06455547362565994
epoch3, iter50, loss: 0.05717106908559799
epoch3, iter60, loss: 0.06327101588249207
epoch3, iter70, loss: 0.07204015552997589
epoch3, iter80, loss: 0.0531386099755764
epoch3, iter90, loss: 0.05750419199466705
epoch3, iter100, loss: 0.045518290251493454
epoch3, iter110, loss: 0.06651867926120758
epoch3, iter120, loss: 0.05185292661190033
Finish epoch 3, time elapsed 87.4878282546997
epoch3, pix_acc: 0.49772131283068777, meanIoU: 0.053960527536002306, IoUs: [0.00000000e+00 0.00000000e+00 0.00000000e+00 0.00000000e+00
 3.21302867e-01 1.47969244e-06 0.00000000e+00 0.00000000e+00
 0.00000000e+00 6.77287887e-05 0.00000000e+00 0.00000000e+00
 0.00000000e+00            nan 0.00000000e+00 0.00000000e+00
 0.00000000e+00 6.77477588e-01 0.00000000e+00 2.81364545e-01
 0.00000000e+00 2.83169674e-01 0.00000000e+00 0.00000000e+00
 0.00000000e+00            nan 5.56609589e-06 0.00000000e+00
            nan 0.00000000e+00 1.44876525e-03 1.70858415e-05]
RMSprop (
Parameter Group 0
    alpha: 0.99
    centered: False
    eps: 1e-08
    initial_lr: 0.0001
    lr: 9e-05
    momentum: 0
    weight_decay: 1e-05
)
epoch4, iter0, loss: 0.11474837362766266
epoch4, iter10, loss: 0.05033544823527336
epoch4, iter20, loss: 0.07260499149560928
epoch4, iter30, loss: 0.04798448085784912
epoch4, iter40, loss: 0.06447849422693253
epoch4, iter50, loss: 0.0600205697119236
epoch4, iter60, loss: 0.05347464978694916
epoch4, iter70, loss: 0.06416434794664383
epoch4, iter80, loss: 0.052205901592969894
epoch4, iter90, loss: 0.0515163354575634
epoch4, iter100, loss: 0.0423545278608799
epoch4, iter110, loss: 0.05705350637435913
epoch4, iter120, loss: 0.05168687924742699
Finish epoch 4, time elapsed 88.98424744606018
epoch4, pix_acc: 0.6606772693452381, meanIoU: 0.08073959558392395, IoUs: [0.00000000e+00 0.00000000e+00 0.00000000e+00 0.00000000e+00
 5.14554714e-01 1.87176961e-03 0.00000000e+00 0.00000000e+00
 0.00000000e+00 1.95531366e-05 0.00000000e+00 0.00000000e+00
 0.00000000e+00            nan 0.00000000e+00 3.34944416e-07
 0.00000000e+00 6.47400049e-01 0.00000000e+00 2.20918489e-01
 0.00000000e+00 6.34978517e-01 0.00000000e+00 0.00000000e+00
 0.00000000e+00            nan 3.07401370e-01 0.00000000e+00
            nan 0.00000000e+00 1.42551828e-02 4.82921455e-05]
RMSprop (
Parameter Group 0
    alpha: 0.99
    centered: False
    eps: 1e-08
    initial_lr: 0.0001
    lr: 9e-05
    momentum: 0
    weight_decay: 1e-05
)
epoch5, iter0, loss: 0.05628255754709244
epoch5, iter10, loss: 0.043755900114774704
epoch5, iter20, loss: 0.07055656611919403
epoch5, iter30, loss: 0.04816645383834839
epoch5, iter40, loss: 0.04710041359066963
epoch5, iter50, loss: 0.048477303236722946
epoch5, iter60, loss: 0.04946611449122429
epoch5, iter70, loss: 0.059480223804712296
epoch5, iter80, loss: 0.04760883376002312
epoch5, iter90, loss: 0.042190272361040115
epoch5, iter100, loss: 0.037908852100372314
epoch5, iter110, loss: 0.05580064281821251
epoch5, iter120, loss: 0.0452519990503788
Finish epoch 5, time elapsed 86.93595886230469
epoch5, pix_acc: 0.7288764880952381, meanIoU: 0.10115484446255657, IoUs: [0.00000000e+00 0.00000000e+00 0.00000000e+00 0.00000000e+00
 5.79694605e-01 5.09883447e-02 0.00000000e+00 0.00000000e+00
 0.00000000e+00 0.00000000e+00 5.90292003e-06 0.00000000e+00
 0.00000000e+00            nan 0.00000000e+00 3.34944416e-07
 0.00000000e+00 6.97059583e-01 0.00000000e+00 2.95066882e-01
 0.00000000e+00 8.03243735e-01 0.00000000e+00 0.00000000e+00
 0.00000000e+00            nan 4.71169902e-01 0.00000000e+00
            nan 0.00000000e+00 3.57943225e-02 4.66876836e-04]
RMSprop (
Parameter Group 0
    alpha: 0.99
    centered: False
    eps: 1e-08
    initial_lr: 0.0001
    lr: 9e-05
    momentum: 0
    weight_decay: 1e-05
)
epoch6, iter0, loss: 0.04767743870615959
epoch6, iter10, loss: 0.0509769432246685
epoch6, iter20, loss: 0.06100507453083992
epoch6, iter30, loss: 0.043611399829387665
epoch6, iter40, loss: 0.05592912808060646
epoch6, iter50, loss: 0.05264641344547272
epoch6, iter60, loss: 0.04483625292778015
epoch6, iter70, loss: 0.05289393663406372
epoch6, iter80, loss: 0.04205682501196861
epoch6, iter90, loss: 0.03874592110514641
epoch6, iter100, loss: 0.04196656867861748
epoch6, iter110, loss: 0.04558027535676956
epoch6, iter120, loss: 0.039832014590501785
Finish epoch 6, time elapsed 90.11811304092407
epoch6, pix_acc: 0.5658203125, meanIoU: 0.07871165688244601, IoUs: [0.00000000e+00 0.00000000e+00 0.00000000e+00 0.00000000e+00
 3.24215381e-01 1.45680261e-01 0.00000000e+00 0.00000000e+00
 1.84747266e-06 8.65295734e-05 5.02960268e-02 0.00000000e+00
 0.00000000e+00            nan 0.00000000e+00 3.34944416e-07
 0.00000000e+00 7.94145892e-01 0.00000000e+00 5.21703214e-01
 0.00000000e+00 3.66677657e-01 0.00000000e+00 0.00000000e+00
 0.00000000e+00            nan 4.11982223e-02 0.00000000e+00
            nan 0.00000000e+00 3.81728974e-02 4.59785200e-04]
RMSprop (
Parameter Group 0
    alpha: 0.99
    centered: False
    eps: 1e-08
    initial_lr: 0.0001
    lr: 9e-05
    momentum: 0
    weight_decay: 1e-05
)
epoch7, iter0, loss: 0.08319582790136337
epoch7, iter10, loss: 0.052180200815200806
epoch7, iter20, loss: 0.05494584143161774
epoch7, iter30, loss: 0.04214179888367653
epoch7, iter40, loss: 0.050566498190164566
epoch7, iter50, loss: 0.050482127815485
epoch7, iter60, loss: 0.04329804331064224
epoch7, iter70, loss: 0.05863376334309578
epoch7, iter80, loss: 0.045124948024749756
epoch7, iter90, loss: 0.03605649992823601
epoch7, iter100, loss: 0.039570968598127365
epoch7, iter110, loss: 0.04611949622631073
epoch7, iter120, loss: 0.04596072807908058
Finish epoch 7, time elapsed 87.90365314483643
epoch7, pix_acc: 0.48288349454365076, meanIoU: 0.06735505310646248, IoUs: [0.00000000e+00 0.00000000e+00 0.00000000e+00 0.00000000e+00
 6.65858603e-02 1.04542374e-01 0.00000000e+00 0.00000000e+00
 1.03273201e-04 1.11221734e-04 7.18228923e-02 0.00000000e+00
 0.00000000e+00            nan 0.00000000e+00 3.39798683e-07
 0.00000000e+00 6.51743562e-01 0.00000000e+00 3.78118473e-01
 0.00000000e+00 5.03751313e-01 0.00000000e+00 0.00000000e+00
 0.00000000e+00            nan 1.52357992e-01 0.00000000e+00
            nan 2.09382978e-04 2.37968910e-02 1.52964320e-04]
RMSprop (
Parameter Group 0
    alpha: 0.99
    centered: False
    eps: 1e-08
    initial_lr: 0.0001
    lr: 8.1e-05
    momentum: 0
    weight_decay: 1e-05
)
epoch8, iter0, loss: 0.08544217050075531
epoch8, iter10, loss: 0.034458741545677185
epoch8, iter20, loss: 0.05091506987810135
epoch8, iter30, loss: 0.03948860242962837
epoch8, iter40, loss: 0.043143030256032944
epoch8, iter50, loss: 0.035550378262996674
epoch8, iter60, loss: 0.04076940938830376
epoch8, iter70, loss: 0.045545171946287155
epoch8, iter80, loss: 0.040951650589704514
epoch8, iter90, loss: 0.03535756096243858
epoch8, iter100, loss: 0.033858295530080795
epoch8, iter110, loss: 0.0496709905564785
epoch8, iter120, loss: 0.04373634234070778
Finish epoch 8, time elapsed 86.51816606521606
epoch8, pix_acc: 0.7230531167328043, meanIoU: 0.11772562566259358, IoUs: [0.00000000e+00 0.00000000e+00 0.00000000e+00 0.00000000e+00
 6.13987529e-01 2.78887959e-01 0.00000000e+00 0.00000000e+00
 8.29157120e-05 3.84176795e-04 3.02302571e-01 0.00000000e+00
 5.08220466e-06            nan 0.00000000e+00 0.00000000e+00
 3.14890914e-05 8.16586931e-01 0.00000000e+00 4.98573071e-01
 0.00000000e+00 6.20981380e-01 0.00000000e+00 0.00000000e+00
 1.07979700e-05            nan 2.46612464e-01 0.00000000e+00
            nan 5.45519940e-05 3.23562406e-02 3.18598302e-03]
RMSprop (
Parameter Group 0
    alpha: 0.99
    centered: False
    eps: 1e-08
    initial_lr: 0.0001
    lr: 8.1e-05
    momentum: 0
    weight_decay: 1e-05
)
epoch9, iter0, loss: 0.047863561660051346
epoch9, iter10, loss: 0.03788476437330246
epoch9, iter20, loss: 0.04860914126038551
epoch9, iter30, loss: 0.032547201961278915
epoch9, iter40, loss: 0.03939228877425194
epoch9, iter50, loss: 0.037865616381168365
epoch9, iter60, loss: 0.04213796555995941
epoch9, iter70, loss: 0.04626517742872238
epoch9, iter80, loss: 0.035640619695186615
epoch9, iter90, loss: 0.03770121559500694
epoch9, iter100, loss: 0.025456374511122704
epoch9, iter110, loss: 0.03946523368358612
epoch9, iter120, loss: 0.039939429610967636
Finish epoch 9, time elapsed 89.48417091369629
epoch9, pix_acc: 0.7455655795304232, meanIoU: 0.1270500183319263, IoUs: [0.00000000e+00 0.00000000e+00 8.58835676e-06 0.00000000e+00
 5.91454493e-01 3.28168073e-01 0.00000000e+00 0.00000000e+00
 1.42576354e-03 5.35499035e-03 3.05052124e-01 0.00000000e+00
 4.00924597e-05            nan 0.00000000e+00 0.00000000e+00
 7.89041204e-05 8.42137829e-01 1.24084874e-06 5.50248489e-01
 0.00000000e+00 6.45705479e-01 8.78290846e-07 0.00000000e+00
 1.59637508e-04            nan 3.56781449e-01 0.00000000e+00
            nan 1.74903233e-04 5.42331224e-02 3.42447450e-03]
RMSprop (
Parameter Group 0
    alpha: 0.99
    centered: False
    eps: 1e-08
    initial_lr: 0.0001
    lr: 8.1e-05
    momentum: 0
    weight_decay: 1e-05
)
epoch10, iter0, loss: 0.040928784757852554
epoch10, iter10, loss: 0.0318748839199543
epoch10, iter20, loss: 0.04870334267616272
epoch10, iter30, loss: 0.034791361540555954
epoch10, iter40, loss: 0.04953383281826973
epoch10, iter50, loss: 0.03762508183717728
epoch10, iter60, loss: 0.039853353053331375
epoch10, iter70, loss: 0.0451134629547596
epoch10, iter80, loss: 0.03300968557596207
epoch10, iter90, loss: 0.04161104932427406
epoch10, iter100, loss: 0.039003413170576096
epoch10, iter110, loss: 0.04144781827926636
epoch10, iter120, loss: 0.03501587361097336
Finish epoch 10, time elapsed 88.6719024181366
epoch10, pix_acc: 0.6905345362103176, meanIoU: 0.10928558632920876, IoUs: [0.00000000e+00 0.00000000e+00 0.00000000e+00 0.00000000e+00
 5.40072436e-01 2.92277640e-01 0.00000000e+00 0.00000000e+00
 6.73082644e-04 5.31199094e-03 2.75135825e-01 0.00000000e+00
 6.51451423e-04            nan 0.00000000e+00 0.00000000e+00
 2.55265541e-04 8.38363712e-01 1.07899890e-06 5.65229606e-01
 0.00000000e+00 5.70933342e-01 1.34555058e-04 0.00000000e+00
 1.03581316e-03            nan 4.02695304e-02 0.00000000e+00
            nan 2.63295930e-03 2.88074865e-02 7.49622925e-03]
RMSprop (
Parameter Group 0
    alpha: 0.99
    centered: False
    eps: 1e-08
    initial_lr: 0.0001
    lr: 8.1e-05
    momentum: 0
    weight_decay: 1e-05
)
epoch11, iter0, loss: 0.05140700563788414
epoch11, iter10, loss: 0.031733058393001556
epoch11, iter20, loss: 0.045363783836364746
epoch11, iter30, loss: 0.03194152191281319
epoch11, iter40, loss: 0.0424954928457737
epoch11, iter50, loss: 0.03724398836493492
epoch11, iter60, loss: 0.04125335067510605
epoch11, iter70, loss: 0.04471787065267563
epoch11, iter80, loss: 0.033195994794368744
epoch11, iter90, loss: 0.030997738242149353
epoch11, iter100, loss: 0.03554980084300041
epoch11, iter110, loss: 0.06663207709789276
epoch11, iter120, loss: 0.03439996391534805
Finish epoch 11, time elapsed 85.7319643497467
epoch11, pix_acc: 0.7870206266534392, meanIoU: 0.144622033868166, IoUs: [0.00000000e+00 0.00000000e+00 4.95918744e-05 0.00000000e+00
 6.67862111e-01 3.82926626e-01 0.00000000e+00 0.00000000e+00
 6.34287622e-03 5.62689678e-02 3.38149010e-01 0.00000000e+00
 1.81659811e-03            nan 0.00000000e+00 0.00000000e+00
 2.74615513e-03 8.33875927e-01 0.00000000e+00 5.28460379e-01
 0.00000000e+00 7.65925716e-01 0.00000000e+00 0.00000000e+00
 1.08626014e-02            nan 4.59671553e-01 0.00000000e+00
            nan 3.95506987e-02 5.12915176e-02 4.82386529e-02]
RMSprop (
Parameter Group 0
    alpha: 0.99
    centered: False
    eps: 1e-08
    initial_lr: 0.0001
    lr: 7.290000000000001e-05
    momentum: 0
    weight_decay: 1e-05
)
epoch12, iter0, loss: 0.033937063068151474
epoch12, iter10, loss: 0.03056688979268074
epoch12, iter20, loss: 0.0535966120660305
epoch12, iter30, loss: 0.033091362565755844
epoch12, iter40, loss: 0.04070596769452095
epoch12, iter50, loss: 0.034365687519311905
epoch12, iter60, loss: 0.039024773985147476
epoch12, iter70, loss: 0.04734504222869873
epoch12, iter80, loss: 0.029490729793906212
epoch12, iter90, loss: 0.03084096685051918
epoch12, iter100, loss: 0.0357617624104023
epoch12, iter110, loss: 0.0342545323073864
epoch12, iter120, loss: 0.03419826179742813
Finish epoch 12, time elapsed 88.35534906387329
epoch12, pix_acc: 0.7768037987764552, meanIoU: 0.15011127507075694, IoUs: [0.00000000e+00 0.00000000e+00 1.97436427e-03 0.00000000e+00
 6.32436741e-01 4.31936853e-01 0.00000000e+00 0.00000000e+00
 9.94349846e-03 9.90948675e-02 4.10799106e-01 0.00000000e+00
 3.82941131e-03            nan 8.72211280e-06 2.17219317e-05
 8.66990707e-03 8.56955015e-01 4.71012758e-05 5.76218534e-01
 0.00000000e+00 7.17538475e-01 4.19790309e-04 0.00000000e+00
 1.22722413e-02            nan 4.08880132e-01 9.60806404e-06
            nan 5.47857072e-02 6.70729210e-02 6.03122598e-02]
RMSprop (
Parameter Group 0
    alpha: 0.99
    centered: False
    eps: 1e-08
    initial_lr: 0.0001
    lr: 7.290000000000001e-05
    momentum: 0
    weight_decay: 1e-05
)
epoch13, iter0, loss: 0.03451339900493622
epoch13, iter10, loss: 0.023853901773691177
epoch13, iter20, loss: 0.0547296442091465
epoch13, iter30, loss: 0.03455844148993492
epoch13, iter40, loss: 0.03756536915898323
epoch13, iter50, loss: 0.030402621254324913
epoch13, iter60, loss: 0.038739629089832306
epoch13, iter70, loss: 0.042926523834466934
epoch13, iter80, loss: 0.03015301004052162
epoch13, iter90, loss: 0.03031666949391365
epoch13, iter100, loss: 0.02478381246328354
epoch13, iter110, loss: 0.03157934173941612
epoch13, iter120, loss: 0.029316766187548637
Finish epoch 13, time elapsed 85.98438286781311
epoch13, pix_acc: 0.689776351686508, meanIoU: 0.11594029745424668, IoUs: [0.00000000e+00 0.00000000e+00 2.10063974e-04 0.00000000e+00
 5.67497110e-01 1.64654642e-01 0.00000000e+00 0.00000000e+00
 1.90989714e-02 1.24557395e-01 3.69178368e-01 0.00000000e+00
 1.35090862e-03            nan 0.00000000e+00 1.60981262e-06
 1.91864904e-04 8.50519467e-01 0.00000000e+00 5.76375351e-01
 0.00000000e+00 5.37266419e-01 2.39357962e-04 0.00000000e+00
 3.99294216e-03            nan 2.11046080e-02 0.00000000e+00
            nan 4.17356160e-02 3.62388896e-02 4.80550417e-02]
RMSprop (
Parameter Group 0
    alpha: 0.99
    centered: False
    eps: 1e-08
    initial_lr: 0.0001
    lr: 7.290000000000001e-05
    momentum: 0
    weight_decay: 1e-05
)
epoch14, iter0, loss: 0.05066758021712303
epoch14, iter10, loss: 0.032741427421569824
epoch14, iter20, loss: 0.047069162130355835
epoch14, iter30, loss: 0.029320307075977325
epoch14, iter40, loss: 0.033996615558862686
epoch14, iter50, loss: 0.030853357166051865
epoch14, iter60, loss: 0.03316409885883331
epoch14, iter70, loss: 0.05071278288960457
epoch14, iter80, loss: 0.0335637703537941
epoch14, iter90, loss: 0.026500076055526733
epoch14, iter100, loss: 0.028777506202459335
epoch14, iter110, loss: 0.039085034281015396
epoch14, iter120, loss: 0.03358883783221245
Finish epoch 14, time elapsed 85.68358135223389
epoch14, pix_acc: 0.7714065393518518, meanIoU: 0.15034267405382107, IoUs: [0.00000000e+00 0.00000000e+00 1.13383425e-03 0.00000000e+00
 5.89176740e-01 4.16682374e-01 0.00000000e+00 0.00000000e+00
 1.91978206e-02 1.24927145e-01 4.08748523e-01 0.00000000e+00
 1.10292458e-02            nan 9.44692958e-06 3.78163050e-07
 7.02320566e-03 8.55449449e-01 0.00000000e+00 5.38169439e-01
 0.00000000e+00 8.18151934e-01 9.06965072e-04 0.00000000e+00
 2.37942528e-02            nan 3.64198937e-01 0.00000000e+00
            nan 7.40145351e-02 3.19320964e-02 7.53912257e-02]
RMSprop (
Parameter Group 0
    alpha: 0.99
    centered: False
    eps: 1e-08
    initial_lr: 0.0001
    lr: 7.290000000000001e-05
    momentum: 0
    weight_decay: 1e-05
)
epoch15, iter0, loss: 0.02744818665087223
epoch15, iter10, loss: 0.027545074000954628
epoch15, iter20, loss: 0.04687143489718437
epoch15, iter30, loss: 0.031385648995637894
epoch15, iter40, loss: 0.036543574184179306
epoch15, iter50, loss: 0.03140060231089592
epoch15, iter60, loss: 0.03195451200008392
epoch15, iter70, loss: 0.03666742891073227
epoch15, iter80, loss: 0.02691614255309105
epoch15, iter90, loss: 0.025636769831180573
epoch15, iter100, loss: 0.025779467076063156
epoch15, iter110, loss: 0.030950071290135384
epoch15, iter120, loss: 0.03861033916473389
Finish epoch 15, time elapsed 89.14186406135559
epoch15, pix_acc: 0.7627493592923279, meanIoU: 0.15164077729467743, IoUs: [0.00000000e+00 0.00000000e+00 3.34180173e-03 0.00000000e+00
 6.31399271e-01 4.76016877e-01 0.00000000e+00 0.00000000e+00
 1.97611671e-02 1.44694518e-01 4.02573211e-01 0.00000000e+00
 5.94079942e-03            nan 2.31473370e-05 7.93988384e-06
 9.64797043e-03 8.72664860e-01 0.00000000e+00 6.26988160e-01
 0.00000000e+00 6.51660504e-01 1.84684435e-03 0.00000000e+00
 3.05818264e-02            nan 2.51133750e-01 1.82718729e-05
            nan 1.04586446e-01 4.95885736e-02 1.15106603e-01]
RMSprop (
Parameter Group 0
    alpha: 0.99
    centered: False
    eps: 1e-08
    initial_lr: 0.0001
    lr: 6.561e-05
    momentum: 0
    weight_decay: 1e-05
)
epoch16, iter0, loss: 0.035482585430145264
epoch16, iter10, loss: 0.025752929970622063
epoch16, iter20, loss: 0.05154122784733772
epoch16, iter30, loss: 0.02359316498041153
epoch16, iter40, loss: 0.04125088080763817
epoch16, iter50, loss: 0.031808651983737946
epoch16, iter60, loss: 0.033164527267217636
epoch16, iter70, loss: 0.03614366799592972
epoch16, iter80, loss: 0.025750141590833664
epoch16, iter90, loss: 0.025577623397111893
epoch16, iter100, loss: 0.029584147036075592
epoch16, iter110, loss: 0.030532533302903175
epoch16, iter120, loss: 0.028736799955368042
Finish epoch 16, time elapsed 91.61635255813599
epoch16, pix_acc: 0.7720783936838626, meanIoU: 0.16460544385529105, IoUs: [0.00000000e+00 0.00000000e+00 8.21395559e-03 0.00000000e+00
 6.91455399e-01 5.02104366e-01 0.00000000e+00 0.00000000e+00
 3.67169042e-02 1.86147446e-01 4.40251359e-01 0.00000000e+00
 1.04883184e-02            nan 2.88411211e-04 1.52165203e-05
 2.79450866e-02 8.73195120e-01 0.00000000e+00 6.40691929e-01
 0.00000000e+00 6.29901153e-01 1.25758888e-03 0.00000000e+00
 5.20049907e-02            nan 2.80889027e-01 2.01171156e-04
            nan 9.54097891e-02 7.38727812e-02 2.22507860e-01]
RMSprop (
Parameter Group 0
    alpha: 0.99
    centered: False
    eps: 1e-08
    initial_lr: 0.0001
    lr: 6.561e-05
    momentum: 0
    weight_decay: 1e-05
)
epoch17, iter0, loss: 0.03515896946191788
epoch17, iter10, loss: 0.024639932438731194
epoch17, iter20, loss: 0.05901795253157616
epoch17, iter30, loss: 0.029208727180957794
epoch17, iter40, loss: 0.027977319434285164
epoch17, iter50, loss: 0.02809317037463188
epoch17, iter60, loss: 0.03258189186453819
epoch17, iter70, loss: 0.0389813631772995
epoch17, iter80, loss: 0.02757245860993862
epoch17, iter90, loss: 0.02671900950372219
epoch17, iter100, loss: 0.031027132645249367
epoch17, iter110, loss: 0.02727733924984932
epoch17, iter120, loss: 0.028845887631177902
Finish epoch 17, time elapsed 90.5896532535553
epoch17, pix_acc: 0.7584167493386244, meanIoU: 0.16438523606290512, IoUs: [0.00000000e+00 0.00000000e+00 1.33844999e-02 0.00000000e+00
 6.84329039e-01 5.09335435e-01 0.00000000e+00 0.00000000e+00
 4.91587195e-02 1.87452597e-01 4.45608591e-01 0.00000000e+00
 1.05181800e-02            nan 7.29266244e-04 1.89029404e-04
 3.99750970e-02 8.65814327e-01 0.00000000e+00 6.38449063e-01
 0.00000000e+00 5.97350265e-01 6.81770578e-03 0.00000000e+00
 8.06104067e-02            nan 2.12093456e-01 5.49234909e-05
            nan 1.02162609e-01 9.11640939e-02 2.31974542e-01]
RMSprop (
Parameter Group 0
    alpha: 0.99
    centered: False
    eps: 1e-08
    initial_lr: 0.0001
    lr: 6.561e-05
    momentum: 0
    weight_decay: 1e-05
)
epoch18, iter0, loss: 0.031584903597831726
epoch18, iter10, loss: 0.024823501706123352
epoch18, iter20, loss: 0.0341758131980896
epoch18, iter30, loss: 0.027200253680348396
epoch18, iter40, loss: 0.034297507256269455
epoch18, iter50, loss: 0.024350611492991447
epoch18, iter60, loss: 0.03238530457019806
epoch18, iter70, loss: 0.03942619264125824
epoch18, iter80, loss: 0.027351276949048042
epoch18, iter90, loss: 0.02220216393470764
epoch18, iter100, loss: 0.022160660475492477
epoch18, iter110, loss: 0.02593691647052765
epoch18, iter120, loss: 0.034369561821222305
Finish epoch 18, time elapsed 86.66376543045044
epoch18, pix_acc: 0.8372499999999999, meanIoU: 0.19334752455667054, IoUs: [0.00000000e+00 0.00000000e+00 1.07972619e-02 0.00000000e+00
 7.34549091e-01 5.24814676e-01 0.00000000e+00 0.00000000e+00
 4.69061724e-02 1.92936964e-01 4.64375618e-01 0.00000000e+00
 1.48571678e-02            nan 7.08777080e-04 1.05795794e-05
 1.01811657e-01 8.80343198e-01 0.00000000e+00 6.63886761e-01
 0.00000000e+00 8.46560005e-01 8.11680338e-03 0.00000000e+00
 1.04482527e-01            nan 5.75232160e-01 4.33984295e-04
            nan 1.12883593e-01 6.99665979e-02 2.53404617e-01]
RMSprop (
Parameter Group 0
    alpha: 0.99
    centered: False
    eps: 1e-08
    initial_lr: 0.0001
    lr: 6.561e-05
    momentum: 0
    weight_decay: 1e-05
)
epoch19, iter0, loss: 0.027541907504200935
epoch19, iter10, loss: 0.02324722334742546
epoch19, iter20, loss: 0.048805221915245056
epoch19, iter30, loss: 0.023406939581036568
epoch19, iter40, loss: 0.027185805141925812
epoch19, iter50, loss: 0.026029512286186218
epoch19, iter60, loss: 0.03579973801970482
epoch19, iter70, loss: 0.03667732700705528
epoch19, iter80, loss: 0.031170882284641266
epoch19, iter90, loss: 0.026689546182751656
epoch19, iter100, loss: 0.020980602130293846
epoch19, iter110, loss: 0.028267877176404
epoch19, iter120, loss: 0.03182544931769371
Finish epoch 19, time elapsed 86.91214108467102
epoch19, pix_acc: 0.7537310474537039, meanIoU: 0.16445457743363423, IoUs: [0.00000000e+00 0.00000000e+00 2.32622945e-02 0.00000000e+00
 6.77386725e-01 5.17861638e-01 0.00000000e+00 0.00000000e+00
 5.42625257e-02 1.94971651e-01 4.39720396e-01 0.00000000e+00
 1.53848868e-02            nan 1.85402121e-04 1.58949792e-04
 3.85032397e-02 8.67504636e-01 1.87148821e-05 6.44441317e-01
 0.00000000e+00 5.92610725e-01 1.88682072e-02 0.00000000e+00
 9.49180178e-02            nan 1.36491781e-01 2.45351582e-03
            nan 1.31104627e-01 7.74890070e-02 2.41584486e-01]
RMSprop (
Parameter Group 0
    alpha: 0.99
    centered: False
    eps: 1e-08
    initial_lr: 0.0001
    lr: 5.904900000000001e-05
    momentum: 0
    weight_decay: 1e-05
)
epoch20, iter0, loss: 0.03403790295124054
epoch20, iter10, loss: 0.03499186784029007
epoch20, iter20, loss: 0.0524759516119957
epoch20, iter30, loss: 0.026719747111201286
epoch20, iter40, loss: 0.027577226981520653
epoch20, iter50, loss: 0.024874603375792503
epoch20, iter60, loss: 0.029219133779406548
epoch20, iter70, loss: 0.036376819014549255
epoch20, iter80, loss: 0.025125151500105858
epoch20, iter90, loss: 0.022225577384233475
epoch20, iter100, loss: 0.022169683128595352
epoch20, iter110, loss: 0.024150501936674118
epoch20, iter120, loss: 0.025581195950508118
Finish epoch 20, time elapsed 88.58746290206909
epoch20, pix_acc: 0.8378441220238096, meanIoU: 0.19873999826664637, IoUs: [0.00000000e+00 0.00000000e+00 4.45981025e-02 0.00000000e+00
 7.42953381e-01 5.33775379e-01 0.00000000e+00 0.00000000e+00
 6.70503570e-02 2.08780960e-01 4.71228810e-01 0.00000000e+00
 1.42494213e-02            nan 3.74928003e-03 2.18495514e-04
 1.28181231e-01 8.78410739e-01 0.00000000e+00 6.52617678e-01
 0.00000000e+00 8.30402139e-01 2.14787218e-02 0.00000000e+00
 1.20845611e-01            nan 5.53263707e-01 3.18877080e-03
            nan 1.18473580e-01 9.40209533e-02 2.75972631e-01]
RMSprop (
Parameter Group 0
    alpha: 0.99
    centered: False
    eps: 1e-08
    initial_lr: 0.0001
    lr: 5.904900000000001e-05
    momentum: 0
    weight_decay: 1e-05
)
epoch21, iter0, loss: 0.024902794510126114
epoch21, iter10, loss: 0.022656727582216263
epoch21, iter20, loss: 0.04020930826663971
epoch21, iter30, loss: 0.023487383499741554
epoch21, iter40, loss: 0.026260660961270332
epoch21, iter50, loss: 0.024321995675563812
epoch21, iter60, loss: 0.02722565084695816
epoch21, iter70, loss: 0.030256710946559906
epoch21, iter80, loss: 0.023717280477285385
epoch21, iter90, loss: 0.0214804969727993
epoch21, iter100, loss: 0.018974600359797478
epoch21, iter110, loss: 0.04939646273851395
epoch21, iter120, loss: 0.03391554206609726
Finish epoch 21, time elapsed 88.79895853996277
epoch21, pix_acc: 0.7889707134589946, meanIoU: 0.1803355367957953, IoUs: [0.00000000e+00 0.00000000e+00 6.57855505e-02 0.00000000e+00
 6.01123132e-01 4.93436996e-01 0.00000000e+00 0.00000000e+00
 6.31576090e-02 1.93510897e-01 4.10244375e-01 0.00000000e+00
 1.69764462e-02            nan 8.75656124e-03 1.54380803e-04
 8.27359384e-02 8.69195161e-01 0.00000000e+00 6.31284909e-01
 0.00000000e+00 8.31732663e-01 5.36117686e-03 0.00000000e+00
 1.08265871e-01            nan 4.35066983e-01 6.15635049e-04
            nan 1.03129643e-01 8.65461732e-02 2.22650466e-01]
RMSprop (
Parameter Group 0
    alpha: 0.99
    centered: False
    eps: 1e-08
    initial_lr: 0.0001
    lr: 5.904900000000001e-05
    momentum: 0
    weight_decay: 1e-05
)
epoch22, iter0, loss: 0.027211546897888184
epoch22, iter10, loss: 0.02325565367937088
epoch22, iter20, loss: 0.040909070521593094
epoch22, iter30, loss: 0.025268366560339928
epoch22, iter40, loss: 0.025575682520866394
epoch22, iter50, loss: 0.026182709261775017
epoch22, iter60, loss: 0.027541926130652428
epoch22, iter70, loss: 0.029692331328988075
epoch22, iter80, loss: 0.02298242598772049
epoch22, iter90, loss: 0.021706420928239822
epoch22, iter100, loss: 0.028024915605783463
epoch22, iter110, loss: 0.02237025648355484
epoch22, iter120, loss: 0.02773386798799038
Finish epoch 22, time elapsed 87.78282761573792
epoch22, pix_acc: 0.800814773478836, meanIoU: 0.18907942290750446, IoUs: [0.00000000e+00 0.00000000e+00 7.56106605e-02 0.00000000e+00
 7.25195979e-01 5.53441575e-01 0.00000000e+00 0.00000000e+00
 6.74521586e-02 2.09371668e-01 4.68829734e-01 0.00000000e+00
 2.74900000e-02            nan 1.66934156e-03 3.08550405e-04
 1.06971046e-01 8.82496609e-01 0.00000000e+00 6.71841567e-01
 1.37866380e-05 6.94974965e-01 3.74064814e-02 0.00000000e+00
 1.21638040e-01            nan 3.15957138e-01 5.35635940e-03
            nan 1.41551095e-01 9.21421034e-02 2.83584407e-01]
RMSprop (
Parameter Group 0
    alpha: 0.99
    centered: False
    eps: 1e-08
    initial_lr: 0.0001
    lr: 5.904900000000001e-05
    momentum: 0
    weight_decay: 1e-05
)
epoch23, iter0, loss: 0.03127037361264229
epoch23, iter10, loss: 0.022289874032139778
epoch23, iter20, loss: 0.0454057902097702
epoch23, iter30, loss: 0.024806324392557144
epoch23, iter40, loss: 0.024797333404421806
epoch23, iter50, loss: 0.02550804615020752
epoch23, iter60, loss: 0.03229832276701927
epoch23, iter70, loss: 0.034580014646053314
epoch23, iter80, loss: 0.025062233209609985
epoch23, iter90, loss: 0.02143024653196335
epoch23, iter100, loss: 0.026874974370002747
epoch23, iter110, loss: 0.030657287687063217
epoch23, iter120, loss: 0.027605514973402023
Finish epoch 23, time elapsed 88.87475514411926
epoch23, pix_acc: 0.8321566633597883, meanIoU: 0.19918175090295856, IoUs: [0.00000000e+00 0.00000000e+00 7.92338418e-02 0.00000000e+00
 7.29196328e-01 5.49819366e-01 0.00000000e+00 0.00000000e+00
 7.39934525e-02 2.06982408e-01 4.78996609e-01 0.00000000e+00
 1.35599343e-02            nan 1.30001747e-02 8.70597576e-05
 9.05827079e-02 8.81835679e-01 0.00000000e+00 6.47511334e-01
 2.12992701e-05 8.26971735e-01 1.99771326e-02 0.00000000e+00
 1.18268820e-01            nan 5.28750821e-01 4.11667317e-03
            nan 1.33077405e-01 8.99526401e-02 2.90335354e-01]
RMSprop (
Parameter Group 0
    alpha: 0.99
    centered: False
    eps: 1e-08
    initial_lr: 0.0001
    lr: 5.3144100000000005e-05
    momentum: 0
    weight_decay: 1e-05
)
epoch24, iter0, loss: 0.02280149608850479
epoch24, iter10, loss: 0.023522989824414253
epoch24, iter20, loss: 0.05334049463272095
epoch24, iter30, loss: 0.024513477459549904
epoch24, iter40, loss: 0.026883799582719803
epoch24, iter50, loss: 0.022960271686315536
epoch24, iter60, loss: 0.029165908694267273
epoch24, iter70, loss: 0.03250275179743767
epoch24, iter80, loss: 0.02373719960451126
epoch24, iter90, loss: 0.02448279783129692
epoch24, iter100, loss: 0.01860356330871582
epoch24, iter110, loss: 0.019365668296813965
epoch24, iter120, loss: 0.030522380024194717
Finish epoch 24, time elapsed 86.39347434043884
epoch24, pix_acc: 0.7290873015873016, meanIoU: 0.14075899991042407, IoUs: [0.00000000e+00 0.00000000e+00 1.11933967e-02 0.00000000e+00
 6.12545633e-01 1.44117036e-01 0.00000000e+00 0.00000000e+00
 4.75863672e-02 1.93173710e-01 3.33942552e-01 0.00000000e+00
 1.10875050e-02            nan 2.26043985e-03 3.45107113e-04
 1.57241650e-02 7.77849358e-01 1.02962223e-05 4.38400870e-01
 0.00000000e+00 7.18274463e-01 6.89349101e-04 0.00000000e+00
 6.30147470e-02            nan 3.60175341e-01 8.05226008e-05
            nan 9.27951021e-02 5.58568056e-02 2.02888232e-01]
RMSprop (
Parameter Group 0
    alpha: 0.99
    centered: False
    eps: 1e-08
    initial_lr: 0.0001
    lr: 5.3144100000000005e-05
    momentum: 0
    weight_decay: 1e-05
)
